SF:lib\beta\error_page.dart
DA:7,0
DA:11,0
DA:13,0
DA:14,0
DA:15,0
DA:16,0
DA:17,0
DA:18,0
DA:20,0
DA:21,0
LF:10
LH:0
end_of_record
SF:lib\beta\widgets\layout_widgets.dart
DA:10,2
DA:12,1
DA:14,2
DA:15,1
DA:16,1
DA:18,1
DA:19,1
DA:20,1
DA:22,1
DA:23,1
LF:10
LH:10
end_of_record
SF:lib\billiards_theme.dart
DA:6,2
DA:8,2
DA:9,2
DA:10,2
DA:11,6
DA:13,2
DA:14,4
DA:41,2
DA:42,6
DA:43,2
DA:44,2
DA:45,2
DA:46,2
DA:47,2
DA:48,2
DA:49,2
DA:50,2
DA:51,2
DA:52,2
DA:53,2
DA:57,5
DA:59,0
DA:62,0
DA:71,2
DA:73,0
DA:75,0
DA:78,0
LF:27
LH:22
end_of_record
SF:lib\src\journey\journey_controller.dart
DA:75,1
DA:79,1
DA:80,3
DA:81,2
DA:84,0
DA:85,0
DA:90,5
LF:7
LH:5
end_of_record
SF:lib\src\authentication\capture_email_page.dart
DA:31,1
DA:33,1
DA:35,1
DA:38,2
DA:39,0
DA:43,1
DA:45,1
DA:46,1
DA:48,1
DA:49,3
DA:50,1
DA:52,1
DA:53,1
DA:54,1
DA:56,1
DA:59,1
DA:62,1
DA:63,1
DA:64,2
DA:66,1
DA:67,1
DA:70,2
DA:71,1
DA:74,1
DA:75,1
DA:83,1
DA:85,1
DA:86,1
DA:87,1
DA:89,1
DA:91,1
DA:92,1
DA:94,1
DA:95,1
DA:96,2
DA:98,1
DA:102,1
DA:104,1
DA:105,1
DA:106,1
DA:107,1
DA:108,2
DA:110,1
DA:121,0
DA:122,0
DA:123,0
DA:134,1
DA:136,2
DA:145,1
LF:49
LH:45
end_of_record
SF:lib\src\widgets\billiard_text_field.dart
DA:31,2
DA:42,2
DA:46,2
DA:47,2
DA:54,2
DA:56,2
DA:57,4
DA:58,2
DA:60,2
DA:63,2
DA:65,2
DA:67,2
DA:69,4
DA:71,4
DA:72,2
DA:73,4
DA:74,4
DA:75,4
DA:76,2
DA:77,4
DA:78,2
DA:79,2
DA:80,6
DA:82,2
DA:86,2
DA:87,6
DA:88,2
DA:90,4
DA:91,4
DA:100,5
DA:102,0
DA:104,0
DA:107,0
LF:33
LH:30
end_of_record
SF:lib\src\widgets\static_widgets.dart
DA:9,2
DA:10,2
DA:12,4
DA:24,2
DA:26,2
DA:28,2
DA:30,2
DA:31,2
DA:34,4
DA:44,1
DA:46,4
DA:47,1
DA:49,0
DA:65,1
DA:70,1
DA:72,1
DA:73,1
DA:74,1
DA:79,2
DA:80,1
DA:81,1
DA:83,0
DA:95,3
DA:97,2
DA:99,2
DA:100,2
DA:101,6
DA:111,18
DA:113,3
DA:115,3
DA:116,3
DA:117,9
DA:127,3
DA:129,2
DA:131,2
DA:132,2
DA:133,2
DA:134,2
DA:135,2
DA:136,6
LF:40
LH:38
end_of_record
SF:lib\src\authentication\authentication_service.dart
DA:14,1
DA:20,0
DA:21,0
DA:23,0
DA:24,0
DA:25,0
DA:26,0
DA:27,0
DA:28,0
DA:29,0
DA:32,0
DA:39,0
DA:40,0
DA:41,0
DA:42,0
DA:43,0
DA:44,0
DA:45,0
DA:46,0
DA:47,0
DA:49,0
LF:21
LH:1
end_of_record
SF:lib\beta\authenticate\invite_user.dart
DA:19,0
DA:21,0
DA:23,0
DA:26,0
DA:27,0
DA:29,0
DA:30,0
DA:32,0
DA:33,0
DA:34,0
DA:38,0
DA:39,0
DA:40,0
DA:41,0
DA:42,0
DA:45,0
DA:46,0
DA:49,0
DA:50,0
DA:51,0
DA:52,0
DA:54,0
DA:55,0
DA:56,0
DA:57,0
DA:58,0
DA:60,0
DA:62,0
DA:63,0
DA:66,0
DA:68,0
DA:69,0
DA:70,0
DA:71,0
DA:74,0
DA:75,0
DA:79,0
DA:82,0
DA:83,0
DA:85,0
DA:86,0
DA:87,0
DA:88,0
DA:90,0
DA:91,0
DA:93,0
DA:98,0
LF:47
LH:0
end_of_record
SF:lib\beta\authenticate\login.dart
DA:25,0
DA:27,0
DA:29,0
DA:32,0
DA:33,0
DA:34,0
DA:35,0
DA:38,0
DA:39,0
DA:40,0
DA:41,0
DA:42,0
DA:45,0
DA:46,0
DA:47,0
DA:48,0
DA:49,0
DA:50,0
DA:51,0
DA:52,0
DA:54,0
DA:56,0
DA:57,0
DA:58,0
DA:59,0
DA:60,0
DA:61,0
DA:62,0
DA:63,0
DA:64,0
DA:67,0
DA:75,0
DA:76,0
DA:80,0
LF:34
LH:0
end_of_record
SF:lib\beta\authenticate\register_user.dart
DA:22,0
DA:24,0
DA:26,0
DA:29,0
DA:30,0
DA:31,0
DA:32,0
DA:33,0
DA:36,0
DA:37,0
DA:38,0
DA:39,0
DA:40,0
DA:43,0
DA:44,0
DA:47,0
DA:48,0
DA:49,0
DA:50,0
DA:52,0
DA:53,0
DA:54,0
DA:57,0
DA:58,0
DA:59,0
DA:65,0
DA:68,0
DA:69,0
DA:70,0
DA:71,0
DA:72,0
DA:73,0
DA:74,0
DA:77,0
DA:78,0
DA:81,0
DA:82,0
DA:83,0
DA:84,0
DA:85,0
DA:88,0
DA:91,0
DA:92,0
DA:93,0
DA:94,0
DA:95,0
DA:96,0
DA:97,0
DA:100,0
DA:101,0
DA:104,0
DA:105,0
DA:106,0
DA:107,0
DA:109,0
DA:110,0
DA:111,0
DA:112,0
DA:113,0
DA:114,0
DA:115,0
DA:116,0
DA:117,0
DA:118,0
DA:119,0
DA:124,0
DA:125,0
DA:126,0
DA:133,0
DA:136,0
DA:137,0
DA:138,0
DA:139,0
DA:140,0
DA:141,0
DA:142,0
DA:143,0
DA:144,0
DA:145,0
DA:147,0
DA:148,0
DA:150,0
DA:153,0
DA:154,0
DA:155,0
DA:156,0
DA:157,0
DA:158,0
DA:160,0
DA:161,0
DA:163,0
DA:168,0
DA:171,0
DA:172,0
DA:173,0
DA:174,0
DA:175,0
DA:176,0
DA:178,0
DA:179,0
DA:181,0
DA:186,0
LF:102
LH:0
end_of_record
SF:lib\beta\authenticate\capture_password_page.dart
DA:18,0
DA:20,0
DA:22,0
DA:24,0
DA:27,0
DA:28,0
DA:29,0
DA:31,0
DA:33,0
DA:36,0
DA:38,0
DA:39,0
DA:43,0
DA:46,0
DA:47,0
DA:53,0
DA:54,0
DA:55,0
DA:58,0
DA:61,0
DA:62,0
DA:67,0
DA:68,0
DA:70,0
DA:71,0
DA:73,0
DA:74,0
DA:75,0
DA:77,0
DA:81,0
DA:83,0
DA:84,0
DA:85,0
DA:86,0
DA:87,0
DA:89,0
DA:105,0
DA:107,0
DA:113,0
LF:39
LH:0
end_of_record
SF:lib\beta\authenticate\capture_organisation_page.dart
DA:25,0
DA:27,0
DA:29,0
DA:31,0
DA:33,0
DA:34,0
DA:37,0
DA:38,0
DA:40,0
DA:41,0
DA:42,0
DA:44,0
DA:45,0
DA:46,0
DA:48,0
DA:51,0
DA:53,0
DA:54,0
DA:55,0
DA:57,0
DA:58,0
DA:61,0
DA:62,0
DA:65,0
DA:66,0
DA:73,0
DA:74,0
DA:75,0
DA:76,0
DA:78,0
DA:80,0
DA:81,0
DA:83,0
DA:84,0
DA:85,0
DA:87,0
DA:91,0
DA:93,0
DA:94,0
DA:95,0
DA:96,0
DA:97,0
DA:99,0
DA:119,0
DA:121,0
DA:130,0
LF:46
LH:0
end_of_record
SF:lib\beta\authenticate\confirm_organisation_page.dart
DA:12,0
DA:14,0
DA:16,0
DA:17,0
DA:18,0
DA:19,0
DA:21,0
DA:23,0
DA:26,0
DA:28,0
DA:29,0
DA:30,0
DA:32,0
DA:33,0
DA:35,0
DA:36,0
DA:38,0
DA:39,0
DA:40,0
DA:43,0
DA:45,0
DA:46,0
DA:47,0
DA:48,0
DA:49,0
DA:65,0
DA:71,0
LF:27
LH:0
end_of_record
SF:lib\beta\authenticate\login_page.dart
DA:11,0
DA:13,0
DA:15,0
DA:17,0
DA:20,0
DA:21,0
DA:26,0
DA:28,0
DA:30,0
DA:33,0
DA:35,0
DA:36,0
DA:39,0
DA:42,0
DA:43,0
DA:49,0
DA:50,0
DA:51,0
DA:54,0
DA:57,0
DA:58,0
DA:63,0
DA:64,0
DA:66,0
DA:67,0
DA:69,0
DA:70,0
DA:71,0
DA:73,0
DA:77,0
DA:79,0
DA:80,0
DA:81,0
DA:82,0
DA:83,0
DA:85,0
DA:102,0
DA:110,0
DA:113,2
LF:39
LH:1
end_of_record
SF:lib\beta\authenticate\invite_user_page.dart
DA:14,0
DA:16,0
DA:18,0
DA:20,0
DA:21,0
DA:22,0
DA:24,0
DA:26,0
DA:29,0
DA:30,0
DA:31,0
DA:32,0
DA:33,0
DA:34,0
DA:36,0
DA:38,0
DA:41,0
DA:42,0
DA:45,0
DA:46,0
DA:55,0
DA:56,0
DA:59,0
DA:60,0
DA:62,0
DA:63,0
DA:65,0
DA:66,0
DA:67,0
DA:70,0
DA:72,0
DA:73,0
DA:74,0
DA:75,0
DA:76,0
DA:94,0
DA:102,0
LF:37
LH:0
end_of_record
SF:lib\beta\authenticate\invited_user.dart
DA:13,0
DA:15,0
DA:16,0
DA:17,0
DA:18,0
DA:19,0
LF:6
LH:0
end_of_record
SF:lib\src\authentication\user.dart
DA:17,2
DA:19,2
DA:20,1
DA:21,1
DA:25,2
DA:28,2
LF:6
LH:6
end_of_record
SF:lib\beta\data\persistable_data_object.dart
DA:36,3
DA:37,1
DA:38,2
DA:40,1
DA:43,1
DA:45,1
DA:46,1
DA:49,2
DA:51,0
DA:53,0
DA:57,0
DA:64,1
DA:65,1
DA:67,2
DA:68,3
DA:70,1
DA:73,0
DA:82,0
DA:83,0
DA:86,0
DA:87,0
LF:21
LH:13
end_of_record
SF:lib\beta\services\organisation.dart
DA:12,0
DA:14,0
DA:15,0
DA:18,0
LF:4
LH:0
end_of_record
SF:lib\beta\data\audit.dart
DA:14,0
DA:16,0
DA:17,0
DA:18,0
DA:19,0
LF:5
LH:0
end_of_record
SF:lib\beta\data\data_object.dart
DA:24,1
DA:33,1
DA:34,1
DA:35,0
DA:36,0
DA:39,1
DA:40,0
DA:41,0
DA:42,0
DA:43,0
DA:44,0
DA:45,0
DA:47,0
DA:48,0
DA:53,1
DA:55,0
DA:57,2
DA:59,1
DA:60,1
DA:67,1
DA:68,4
DA:69,0
DA:76,0
DA:77,0
DA:78,0
DA:85,3
DA:88,2
DA:93,1
DA:94,1
DA:95,3
DA:96,2
DA:106,0
DA:118,0
DA:124,0
DA:125,0
DA:126,0
DA:133,0
DA:134,0
DA:135,0
DA:141,0
DA:151,0
DA:153,0
DA:154,0
DA:157,0
DA:159,0
DA:160,0
DA:161,0
DA:164,0
DA:167,0
DA:168,0
DA:169,0
DA:172,0
DA:174,0
DA:175,0
DA:178,0
DA:179,0
DA:180,0
DA:181,0
DA:182,0
DA:183,0
DA:184,0
DA:187,0
DA:196,0
LF:63
LH:16
end_of_record
SF:lib\beta\data\data_object_relationship.dart
DA:29,0
DA:31,0
DA:32,0
DA:33,0
DA:34,0
DA:35,0
DA:36,0
DA:40,0
DA:41,0
DA:42,0
DA:43,0
DA:45,0
DA:47,0
DA:50,0
DA:51,0
DA:53,0
DA:54,0
DA:55,0
DA:56,0
DA:57,0
DA:58,0
DA:59,0
DA:62,0
DA:65,0
LF:24
LH:0
end_of_record
SF:lib\beta\data\firebase_service.dart
DA:8,0
DA:10,0
DA:13,0
DA:14,0
DA:15,0
DA:17,0
DA:19,0
DA:21,0
DA:22,0
DA:25,0
DA:28,0
DA:31,0
DA:33,0
DA:35,0
DA:36,0
DA:37,0
DA:38,0
DA:39,0
DA:42,0
DA:45,0
DA:48,0
DA:50,0
DA:53,0
DA:55,0
DA:56,0
DA:57,0
DA:58,0
DA:59,0
DA:60,0
DA:62,0
DA:65,0
DA:66,0
DA:67,0
DA:70,0
DA:71,0
DA:72,0
DA:73,0
DA:74,0
DA:75,0
DA:77,0
DA:80,0
DA:81,0
DA:82,0
DA:86,0
DA:88,0
DA:91,0
DA:93,0
DA:95,0
DA:96,0
DA:97,0
DA:98,0
DA:99,0
DA:102,0
DA:105,0
LF:54
LH:0
end_of_record
SF:lib\beta\landing_page.dart
DA:21,6
DA:23,0
DA:26,0
DA:27,0
DA:28,0
DA:29,0
DA:37,0
DA:38,0
DA:40,0
DA:41,0
DA:42,0
DA:43,0
DA:44,0
DA:45,0
DA:46,0
DA:51,0
DA:53,0
DA:56,0
DA:58,0
LF:19
LH:1
end_of_record
SF:lib\beta\welcome_page.dart
DA:23,5
DA:25,1
DA:27,1
DA:28,1
DA:29,1
DA:31,1
DA:34,1
DA:36,1
DA:37,1
DA:38,2
DA:40,2
DA:45,1
DA:47,1
DA:48,1
DA:49,0
DA:50,0
DA:51,0
DA:52,0
DA:55,1
DA:56,0
DA:57,0
DA:58,0
DA:59,0
LF:23
LH:15
end_of_record
SF:lib\main.dart
DA:13,3
DA:14,3
DA:15,3
DA:17,0
DA:18,0
DA:19,0
DA:20,0
DA:22,0
DA:26,0
DA:28,0
DA:29,0
DA:31,0
DA:35,2
DA:38,1
DA:40,1
DA:41,1
DA:42,2
DA:43,2
DA:44,2
DA:46,1
DA:49,1
DA:55,0
DA:58,0
DA:59,0
LF:24
LH:12
end_of_record
SF:lib\firebase_options.dart
DA:18,0
DA:22,0
DA:23,0
DA:25,0
DA:26,0
DA:30,0
DA:31,0
DA:35,0
DA:36,0
DA:40,0
DA:41,0
DA:46,0
LF:12
LH:0
end_of_record
